<?xml version="1.0" encoding="UTF-8"?>
<!-- Generated by org.testng.reporters.JUnitReportReporter -->
<testsuite hostname="Vishals-MacBook-Air-2.local" name="Org.demo.ChromeLaunchOnJenkins" tests="2" failures="0" timestamp="1 Nov 2017 06:12:24 GMT" time="4.083" errors="0">
  <testcase name="LaunchChromeBrowser" time="1.659" classname="Org.demo.ChromeLaunchOnJenkins"/>
  <testcase name="OpenLinkServify360DashbordUrl" time="2.424" classname="Org.demo.ChromeLaunchOnJenkins"/>
</testsuite> <!-- Org.demo.ChromeLaunchOnJenkins -->
