<?xml version="1.0" encoding="UTF-8"?>
<!-- Generated by org.testng.reporters.JUnitReportReporter -->
<testsuite hostname="Vishals-MacBook-Air-2.local" name="Org.demo.ChromeLaunchOnJenkins" tests="1" failures="0" timestamp="17 Oct 2017 07:06:04 GMT" time="1.440" errors="0">
  <testcase name="LaunchChromeBrowser" time="1.440" classname="Org.demo.ChromeLaunchOnJenkins"/>
</testsuite> <!-- Org.demo.ChromeLaunchOnJenkins -->
