<?xml version="1.0" encoding="UTF-8"?>
<!-- Generated by org.testng.reporters.JUnitReportReporter -->
<testsuite hostname="Vishals-MacBook-Air-2.local" name="Org.demo.ChromeLaunchOnJenkins" tests="3" failures="0" timestamp="24 Oct 2017 03:43:07 GMT" time="18.077" errors="0">
  <testcase name="UserLoginServify360Dashbord" time="12.756" classname="Org.demo.ChromeLaunchOnJenkins"/>
  <testcase name="LaunchChromeBrowser" time="2.273" classname="Org.demo.ChromeLaunchOnJenkins"/>
  <testcase name="OpenLinkServify360DashbordUrl" time="3.048" classname="Org.demo.ChromeLaunchOnJenkins"/>
</testsuite> <!-- Org.demo.ChromeLaunchOnJenkins -->
