<?xml version="1.0" encoding="UTF-8"?>
<!-- Generated by org.testng.reporters.JUnitReportReporter -->
<testsuite hostname="Vishals-MacBook-Air-2.local" name="Org.demo.ChromeLaunchOnJenkins" tests="3" failures="0" timestamp="22 Oct 2017 05:53:58 GMT" time="71.187" errors="0">
  <testcase name="LaunchChromeBrowser" time="1.725" classname="Org.demo.ChromeLaunchOnJenkins"/>
  <testcase name="UserLoginServify360Dashbord" time="59.537" classname="Org.demo.ChromeLaunchOnJenkins"/>
  <testcase name="OpenLinkServify360DashbordUrl" time="9.925" classname="Org.demo.ChromeLaunchOnJenkins"/>
</testsuite> <!-- Org.demo.ChromeLaunchOnJenkins -->
