<?xml version="1.0" encoding="UTF-8"?>
<!-- Generated by org.testng.reporters.JUnitReportReporter -->
<testsuite hostname="Vishals-MacBook-Air-2.local" name="Org.demo.ChromeLaunchOnJenkins" tests="1" failures="0" timestamp="18 Oct 2017 11:26:02 GMT" time="2.222" errors="0">
  <testcase name="LaunchChromeBrowser" time="2.222" classname="Org.demo.ChromeLaunchOnJenkins"/>
</testsuite> <!-- Org.demo.ChromeLaunchOnJenkins -->
