<?xml version="1.0" encoding="UTF-8"?>
<!-- Generated by org.testng.reporters.JUnitReportReporter -->
<testsuite hostname="Vishals-MacBook-Air-2.local" name="Org.demo.ChromeLaunchOnJenkins" tests="1" failures="0" timestamp="17 Oct 2017 11:02:22 GMT" time="2.125" errors="0">
  <testcase name="LaunchChromeBrowser" time="2.125" classname="Org.demo.ChromeLaunchOnJenkins"/>
</testsuite> <!-- Org.demo.ChromeLaunchOnJenkins -->
